# JRE version: Java(TM) SE Runtime Environment (8.0_261-b12) (build 1.8.0_261-b12)
# Java VM: Java HotSpot(TM) 64-Bit Server VM (25.261-b12 mixed mode windows-amd64 compressed oops)
Heap:
 PSYoungGen      total 106496K, used 3529K [0x0000000780980000, 0x0000000787980000, 0x00000007c0000000)
  eden space 98304K, 1% used [0x0000000780980000,0x0000000780b6a718,0x0000000786980000)
  from space 8192K, 19% used [0x0000000786980000,0x0000000786b08000,0x0000000787180000)
  to   space 8192K, 0% used [0x0000000787180000,0x0000000787180000,0x0000000787980000)
 ParOldGen       total 131072K, used 1318K [0x0000000701c00000, 0x0000000709c00000, 0x0000000780980000)
  object space 131072K, 1% used [0x0000000701c00000,0x0000000701d49920,0x0000000709c00000)
 Metaspace       used 6602K, capacity 6786K, committed 6912K, reserved 1056768K
  class space    used 679K, capacity 747K, committed 768K, reserved 1048576K
GC Heap History (10 events):
Event: 2.483 GC heap before
{Heap before GC invocations=4 (full 0):
 PSYoungGen      total 57344K, used 52304K [0x0000000780980000, 0x0000000787980000, 0x00000007c0000000)
  eden space 49152K, 100% used [0x0000000780980000,0x0000000783980000,0x0000000783980000)
  from space 8192K, 38% used [0x0000000783980000,0x0000000783c94030,0x0000000784180000)
  to   space 8192K, 0% used [0x0000000787180000,0x0000000787180000,0x0000000787980000)
 ParOldGen       total 131072K, used 96K [0x0000000701c00000, 0x0000000709c00000, 0x0000000780980000)
  object space 131072K, 0% used [0x0000000701c00000,0x0000000701c18010,0x0000000709c00000)
 Metaspace       used 6601K, capacity 6786K, committed 6912K, reserved 1056768K
  class space    used 679K, capacity 747K, committed 768K, reserved 1048576K
Event: 2.490 GC heap after
Heap after GC invocations=4 (full 0):
 PSYoungGen      total 106496K, used 4064K [0x0000000780980000, 0x0000000787980000, 0x00000007c0000000)
  eden space 98304K, 0% used [0x0000000780980000,0x0000000780980000,0x0000000786980000)
  from space 8192K, 49% used [0x0000000787180000,0x0000000787578020,0x0000000787980000)
  to   space 8192K, 0% used [0x0000000786980000,0x0000000786980000,0x0000000787180000)
 ParOldGen       total 131072K, used 104K [0x0000000701c00000, 0x0000000709c00000, 0x0000000780980000)
  object space 131072K, 0% used [0x0000000701c00000,0x0000000701c1a010,0x0000000709c00000)
 Metaspace       used 6601K, capacity 6786K, committed 6912K, reserved 1056768K
  class space    used 679K, capacity 747K, committed 768K, reserved 1048576K
}
Event: 2.961 GC heap before
{Heap before GC invocations=5 (full 0):
 PSYoungGen      total 106496K, used 102368K [0x0000000780980000, 0x0000000787980000, 0x00000007c0000000)
  eden space 98304K, 100% used [0x0000000780980000,0x0000000786980000,0x0000000786980000)
  from space 8192K, 49% used [0x0000000787180000,0x0000000787578020,0x0000000787980000)
  to   space 8192K, 0% used [0x0000000786980000,0x0000000786980000,0x0000000787180000)
 ParOldGen       total 131072K, used 104K [0x0000000701c00000, 0x0000000709c00000, 0x0000000780980000)
  object space 131072K, 0% used [0x0000000701c00000,0x0000000701c1a010,0x0000000709c00000)
 Metaspace       used 6602K, capacity 6786K, committed 6912K, reserved 1056768K
  class space    used 679K, capacity 747K, committed 768K, reserved 1048576K
Event: 2.971 GC heap after
Heap after GC invocations=5 (full 0):
 PSYoungGen      total 106496K, used 4224K [0x0000000780980000, 0x0000000787980000, 0x00000007c0000000)
  eden space 98304K, 0% used [0x0000000780980000,0x0000000780980000,0x0000000786980000)
  from space 8192K, 51% used [0x0000000786980000,0x0000000786da0000,0x0000000787180000)
  to   space 8192K, 0% used [0x0000000787180000,0x0000000787180000,0x0000000787980000)
 ParOldGen       total 131072K, used 104K [0x0000000701c00000, 0x0000000709c00000, 0x0000000780980000)
  object space 131072K, 0% used [0x0000000701c00000,0x0000000701c1a010,0x0000000709c00000)
 Metaspace       used 6602K, capacity 6786K, committed 6912K, reserved 1056768K
  class space    used 679K, capacity 747K, committed 768K, reserved 1048576K
}
Event: 3.644 GC heap before
{Heap before GC invocations=6 (full 0):
 PSYoungGen      total 106496K, used 102528K [0x0000000780980000, 0x0000000787980000, 0x00000007c0000000)
  eden space 98304K, 100% used [0x0000000780980000,0x0000000786980000,0x0000000786980000)
  from space 8192K, 51% used [0x0000000786980000,0x0000000786da0000,0x0000000787180000)
  to   space 8192K, 0% used [0x0000000787180000,0x0000000787180000,0x0000000787980000)
 ParOldGen       total 131072K, used 104K [0x0000000701c00000, 0x0000000709c00000, 0x0000000780980000)
  object space 131072K, 0% used [0x0000000701c00000,0x0000000701c1a010,0x0000000709c00000)
 Metaspace       used 6602K, capacity 6786K, committed 6912K, reserved 1056768K
  class space    used 679K, capacity 747K, committed 768K, reserved 1048576K
Event: 3.655 GC heap after
Heap after GC invocations=6 (full 0):
 PSYoungGen      total 106496K, used 4320K [0x0000000780980000, 0x0000000787980000, 0x00000007c0000000)
  eden space 98304K, 0% used [0x0000000780980000,0x0000000780980000,0x0000000786980000)
  from space 8192K, 52% used [0x0000000787180000,0x00000007875b8000,0x0000000787980000)
  to   space 8192K, 0% used [0x0000000786980000,0x0000000786980000,0x0000000787180000)
 ParOldGen       total 131072K, used 104K [0x0000000701c00000, 0x0000000709c00000, 0x0000000780980000)
  object space 131072K, 0% used [0x0000000701c00000,0x0000000701c1a010,0x0000000709c00000)
 Metaspace       used 6602K, capacity 6786K, committed 6912K, reserved 1056768K
  class space    used 679K, capacity 747K, committed 768K, reserved 1048576K
}
Event: 3.991 GC heap before
{Heap before GC invocations=7 (full 0):
 PSYoungGen      total 106496K, used 102624K [0x0000000780980000, 0x0000000787980000, 0x00000007c0000000)
  eden space 98304K, 100% used [0x0000000780980000,0x0000000786980000,0x0000000786980000)
  from space 8192K, 52% used [0x0000000787180000,0x00000007875b8000,0x0000000787980000)
  to   space 8192K, 0% used [0x0000000786980000,0x0000000786980000,0x0000000787180000)
 ParOldGen       total 131072K, used 104K [0x0000000701c00000, 0x0000000709c00000, 0x0000000780980000)
  object space 131072K, 0% used [0x0000000701c00000,0x0000000701c1a010,0x0000000709c00000)
 Metaspace       used 6602K, capacity 6786K, committed 6912K, reserved 1056768K
  class space    used 679K, capacity 747K, committed 768K, reserved 1048576K
Event: 4.000 GC heap after
Heap after GC invocations=7 (full 0):
 PSYoungGen      total 106496K, used 2976K [0x0000000780980000, 0x0000000787980000, 0x00000007c0000000)
  eden space 98304K, 0% used [0x0000000780980000,0x0000000780980000,0x0000000786980000)
  from space 8192K, 36% used [0x0000000786980000,0x0000000786c68000,0x0000000787180000)
  to   space 8192K, 0% used [0x0000000787180000,0x0000000787180000,0x0000000787980000)
 ParOldGen       total 131072K, used 1244K [0x0000000701c00000, 0x0000000709c00000, 0x0000000780980000)
  object space 131072K, 0% used [0x0000000701c00000,0x0000000701d370b0,0x0000000709c00000)
 Metaspace       used 6602K, capacity 6786K, committed 6912K, reserved 1056768K
  class space    used 679K, capacity 747K, committed 768K, reserved 1048576K
}
Event: 4.429 GC heap before
{Heap before GC invocations=8 (full 0):
 PSYoungGen      total 106496K, used 101280K [0x0000000780980000, 0x0000000787980000, 0x00000007c0000000)
  eden space 98304K, 100% used [0x0000000780980000,0x0000000786980000,0x0000000786980000)
  from space 8192K, 36% used [0x0000000786980000,0x0000000786c68000,0x0000000787180000)
  to   space 8192K, 0% used [0x0000000787180000,0x0000000787180000,0x0000000787980000)
 ParOldGen       total 131072K, used 1244K [0x0000000701c00000, 0x0000000709c00000, 0x0000000780980000)
  object space 131072K, 0% used [0x0000000701c00000,0x0000000701d370b0,0x0000000709c00000)
 Metaspace       used 6602K, capacity 6786K, committed 6912K, reserved 1056768K
  class space    used 679K, capacity 747K, committed 768K, reserved 1048576K
Event: 4.443 GC heap after
Heap after GC invocations=8 (full 0):
 PSYoungGen      total 106496K, used 320K [0x0000000780980000, 0x0000000787980000, 0x00000007c0000000)
  eden space 98304K, 0% used [0x0000000780980000,0x0000000780980000,0x0000000786980000)
  from space 8192K, 3% used [0x0000000787180000,0x00000007871d0000,0x0000000787980000)
  to   space 8192K, 0% used [0x0000000786980000,0x0000000786980000,0x0000000787180000)
 ParOldGen       total 131072K, used 1302K [0x0000000701c00000, 0x0000000709c00000, 0x0000000780980000)
  object space 131072K, 0% used [0x0000000701c00000,0x0000000701d45920,0x0000000709c00000)
 Metaspace       used 6602K, capacity 6786K, committed 6912K, reserved 1056768K
  class space    used 679K, capacity 747K, committed 768K, reserved 1048576K
}

